[INFO][2020-01-14 16:42:15 467][org.springframework.web.context.ContextLoader]-[Root WebApplicationContext: initialization started]
[INFO][2020-01-14 16:42:19 752][springfox.documentation.spring.web.plugins.DocumentationPluginsBootstrapper]-[Context refreshed]
[INFO][2020-01-14 16:42:19 778][springfox.documentation.spring.web.plugins.DocumentationPluginsBootstrapper]-[Found 1 custom documentation plugin(s)]
[INFO][2020-01-14 16:42:19 794][springfox.documentation.spring.web.scanners.ApiListingReferenceScanner]-[Scanning for api listing references]
[INFO][2020-01-14 16:42:19 947][springfox.documentation.spring.web.readers.operation.CachingOperationNameGenerator]-[Generating unique operation named: insertUserUsingPOST_1]
[INFO][2020-01-14 16:42:19 954][springfox.documentation.spring.web.readers.operation.CachingOperationNameGenerator]-[Generating unique operation named: testUsingGET_1]
[INFO][2020-01-14 16:42:19 979][org.springframework.web.context.ContextLoader]-[Root WebApplicationContext initialized in 4511 ms]
[INFO][2020-01-14 16:42:21 665][org.springframework.web.servlet.DispatcherServlet]-[Initializing Servlet 'springmvc']
[INFO][2020-01-14 16:42:24 199][springfox.documentation.spring.web.plugins.DocumentationPluginsBootstrapper]-[Context refreshed]
[INFO][2020-01-14 16:42:24 200][springfox.documentation.spring.web.plugins.DocumentationPluginsBootstrapper]-[Found 1 custom documentation plugin(s)]
[INFO][2020-01-14 16:42:24 206][springfox.documentation.spring.web.scanners.ApiListingReferenceScanner]-[Scanning for api listing references]
[INFO][2020-01-14 16:42:24 224][springfox.documentation.spring.web.readers.operation.CachingOperationNameGenerator]-[Generating unique operation named: insertUserUsingPOST_1]
[INFO][2020-01-14 16:42:24 232][springfox.documentation.spring.web.readers.operation.CachingOperationNameGenerator]-[Generating unique operation named: testUsingGET_1]
[INFO][2020-01-14 16:42:24 247][org.springframework.web.servlet.DispatcherServlet]-[Completed initialization in 2582 ms]
[INFO][2020-01-14 16:42:54 645][com.common.aop.LogAspect]-[---------------------------------LogAspect---------------------------------]
[INFO][2020-01-14 16:42:54 646][com.common.aop.LogAspect]-[url=http://localhost:8080/user/insertUser]
[INFO][2020-01-14 16:42:54 646][com.common.aop.LogAspect]-[method=POST]
[INFO][2020-01-14 16:42:54 646][com.common.aop.LogAspect]-[id=0:0:0:0:0:0:0:1]
[INFO][2020-01-14 16:42:54 648][com.common.aop.LogAspect]-[class_method=com.user.controller.UserController,insertUser]
[INFO][2020-01-14 16:42:54 648][com.common.aop.LogAspect]-[args=UserVo(loginName=1678881243, password=Aa1678881243, userName=liangzhu, phone=13112357605)]
[INFO][2020-01-14 16:42:54 707][com.alibaba.druid.pool.DruidDataSource]-[{dataSource-1} inited]
[ERROR][2020-01-14 16:42:55 789][com.common.exception.ExceptionHandle]-[---------------------------------异常捕捉---------------------------------]
[ERROR][2020-01-14 16:42:55 789][com.common.exception.ExceptionHandle]-[class org.springframework.dao.DataIntegrityViolationException]
[INFO][2020-01-14 16:43:33 785][com.common.aop.LogAspect]-[---------------------------------LogAspect---------------------------------]
[INFO][2020-01-14 16:43:33 785][com.common.aop.LogAspect]-[url=http://localhost:8080/user/insertUser]
[INFO][2020-01-14 16:43:33 785][com.common.aop.LogAspect]-[method=POST]
[INFO][2020-01-14 16:43:33 785][com.common.aop.LogAspect]-[id=0:0:0:0:0:0:0:1]
[INFO][2020-01-14 16:43:33 785][com.common.aop.LogAspect]-[class_method=com.user.controller.UserController,insertUser]
[INFO][2020-01-14 16:43:33 785][com.common.aop.LogAspect]-[args=UserVo(loginName=1678881243, password=Aa1678881243, userName=liangzhu, phone=13112357605)]
[INFO][2020-01-14 16:43:33 867][com.common.aop.LogAspect]-[response=Result{status=200, msg='成功', data=1}]
[INFO][2020-01-14 16:44:30 902][com.common.aop.LogAspect]-[---------------------------------LogAspect---------------------------------]
[INFO][2020-01-14 16:44:30 902][com.common.aop.LogAspect]-[url=http://localhost:8080/user/insertUser]
[INFO][2020-01-14 16:44:30 902][com.common.aop.LogAspect]-[method=POST]
[INFO][2020-01-14 16:44:30 902][com.common.aop.LogAspect]-[id=0:0:0:0:0:0:0:1]
[INFO][2020-01-14 16:44:30 902][com.common.aop.LogAspect]-[class_method=com.user.controller.UserController,insertUser]
[INFO][2020-01-14 16:44:30 902][com.common.aop.LogAspect]-[args=UserVo(loginName=1678881243, password=Aa1678881243, userName=liangzhu, phone=13112357605)]
[ERROR][2020-01-14 16:44:30 914][com.common.exception.ExceptionHandle]-[---------------------------------异常捕捉---------------------------------]
[ERROR][2020-01-14 16:44:30 915][com.common.exception.ExceptionHandle]-[class org.springframework.dao.DuplicateKeyException]
